[debug] [2021-08-23T15:53:21.066Z] ----------------------------------------------------------------------
[debug] [2021-08-23T15:53:21.068Z] Command:       C:\Anaconda3\node.exe C:\Anaconda3\node_modules\firebase-tools\lib\bin\firebase.js init
[debug] [2021-08-23T15:53:21.068Z] CLI Version:   9.16.5
[debug] [2021-08-23T15:53:21.068Z] Platform:      win32
[debug] [2021-08-23T15:53:21.068Z] Node Version:  v16.6.1
[debug] [2021-08-23T15:53:21.070Z] Time:          Tue Aug 24 2021 00:53:21 GMT+0900 (대한민국 표준시)
[debug] [2021-08-23T15:53:21.070Z] ----------------------------------------------------------------------
[debug] 
[debug] [2021-08-23T15:53:21.079Z] > command requires scopes: ["email","openid","https://www.googleapis.com/auth/cloudplatformprojects.readonly","https://www.googleapis.com/auth/firebase","https://www.googleapis.com/auth/cloud-platform"]
[debug] [2021-08-23T15:53:21.079Z] > authorizing via signed-in user (lodos1414@gmail.com)
[info] 
     ######## #### ########  ######## ########     ###     ######  ########
     ##        ##  ##     ## ##       ##     ##  ##   ##  ##       ##
     ######    ##  ########  ######   ########  #########  ######  ######
     ##        ##  ##    ##  ##       ##     ## ##     ##       ## ##
     ##       #### ##     ## ######## ########  ##     ##  ######  ########

You're about to initialize a Firebase project in this directory:

  C:\Users\lodos\Desktop\web_project_

[info] 
=== Project Setup
[info] 
[info] First, let's associate this project directory with a Firebase project.
[info] You can create multiple project aliases by running firebase use --add, 
[info] but for now we'll just set up a default project.
[info] 
[debug] [2021-08-23T15:55:23.390Z] >>> [apiv2][query] GET https://firebase.googleapis.com/v1beta1/projects pageSize=100
[debug] [2021-08-23T15:55:23.978Z] <<< [apiv2][status] GET https://firebase.googleapis.com/v1beta1/projects 200
[debug] [2021-08-23T15:55:23.979Z] <<< [apiv2][body] GET https://firebase.googleapis.com/v1beta1/projects [omitted]
[info] i  Using project web-project-c3c1a (web-project) 
[info] 
=== Hosting Setup
[info] 
[info] Your public directory is the folder (relative to your project directory) that
[info] will contain Hosting assets to be uploaded with firebase deploy. If you
[info] have a build process for your assets, use your build's output directory.
[info] 
[debug] [2021-08-23T15:56:12.195Z] >>> [apiv2][query] GET https://www.gstatic.com/firebasejs/releases.json [none]
[debug] [2021-08-23T15:56:12.359Z] <<< [apiv2][status] GET https://www.gstatic.com/firebasejs/releases.json 200
[debug] [2021-08-23T15:56:12.359Z] <<< [apiv2][body] GET https://www.gstatic.com/firebasejs/releases.json {"current":{"version":"8.10.0","browserURL":"https://www.gstatic.com/firebasejs/8.10.0/firebase.js","packageURL":"https://www.gstatic.com/firebasejs/8.10.0/firebase.tgz"},"live":{"version":"8.10","browserURL":"https://www.gstatic.com/firebasejs/live/8.10/firebase.js","packageURL":"https://www.gstatic.com/firebasejs/live/8.10/firebase.tgz"},"components":{"analytics":"https://www.gstatic.com/firebasejs/8.10.0/firebase-analytics.js","app":"https://www.gstatic.com/firebasejs/8.10.0/firebase-app.js","app-check":"https://www.gstatic.com/firebasejs/8.10.0/firebase-app-check.js","auth":"https://www.gstatic.com/firebasejs/8.10.0/firebase-auth.js","database":"https://www.gstatic.com/firebasejs/8.10.0/firebase-database.js","firestore":"https://www.gstatic.com/firebasejs/8.10.0/firebase-firestore.js","functions":"https://www.gstatic.com/firebasejs/8.10.0/firebase-functions.js","installations":"https://www.gstatic.com/firebasejs/8.10.0/firebase-installations.js","messaging":"https://www.gstatic.com/firebasejs/8.10.0/firebase-messaging.js","storage":"https://www.gstatic.com/firebasejs/8.10.0/firebase-storage.js","performance":"https://www.gstatic.com/firebasejs/8.10.0/firebase-performance.js","remote-config":"https://www.gstatic.com/firebasejs/8.10.0/firebase-remote-config.js","firestore.memory":"https://www.gstatic.com/firebasejs/8.10.0/firebase-firestore.memory.js"}}
[info] +  Wrote public/index.html 
[info] 
[info] i  Detected a .git folder at C:\Users\lodos 
[info] i  Authorizing with GitHub to upload your service account to a GitHub repository's secrets store. 
[info] 
[info] Visit this URL on this device to log in:
[info] https://github.com/login/oauth/authorize?client_id=89cf50f02ac6aaed3484&state=760895378&redirect_uri=http%3A%2F%2Flocalhost%3A9005&scope=read%3Auser%20repo%20public_repo
[info] 
[info] Waiting for authentication...
[debug] [2021-08-23T15:56:26.075Z] >>> HTTP REQUEST POST https://github.com/login/oauth/access_token  
 {"client_id":"89cf50f02ac6aaed3484","client_secret":"3330d14abc895d9a74d5f17cd7a00711fa2c5bf0","code":"75b4eaa9a7d7e3758f53","redirect_uri":"http://localhost:9005","state":"760895378"}
[debug] [2021-08-23T15:56:26.350Z] <<< HTTP RESPONSE 200 {"server":"GitHub.com","date":"Mon, 23 Aug 2021 15:56:26 GMT","content-type":"application/json; charset=utf-8","transfer-encoding":"chunked","vary":"X-PJAX, Accept-Encoding, Accept, X-Requested-With","permissions-policy":"interest-cohort=()","etag":"W/\"d96dedae2c3746e165f835ea57f05fe4\"","cache-control":"max-age=0, private, must-revalidate","strict-transport-security":"max-age=31536000; includeSubdomains; preload","x-frame-options":"deny","x-content-type-options":"nosniff","x-xss-protection":"0","referrer-policy":"origin-when-cross-origin, strict-origin-when-cross-origin","expect-ct":"max-age=2592000, report-uri=\"https://api.github.com/_private/browser/errors\"","content-security-policy":"default-src 'none'; base-uri 'self'; block-all-mixed-content; connect-src 'self' uploads.github.com www.githubstatus.com collector.githubapp.com api.github.com github-cloud.s3.amazonaws.com github-production-repository-file-5c1aeb.s3.amazonaws.com github-production-upload-manifest-file-7fdce7.s3.amazonaws.com github-production-user-asset-6210df.s3.amazonaws.com cdn.optimizely.com logx.optimizely.com/v1/events translator.github.com wss://alive.github.com; font-src github.githubassets.com; form-action 'self' github.com gist.github.com; frame-ancestors 'none'; frame-src render.githubusercontent.com viewscreen.githubusercontent.com; img-src 'self' data: github.githubassets.com identicons.github.com collector.githubapp.com github-cloud.s3.amazonaws.com secured-user-images.githubusercontent.com/ *.githubusercontent.com; manifest-src 'self'; media-src 'none'; script-src github.githubassets.com; style-src 'unsafe-inline' github.githubassets.com; worker-src github.com/socket-worker-3f088aa2.js gist.github.com/socket-worker-3f088aa2.js","x-github-request-id":"F177:372A:4A6625:524922:6123C52A"}
[debug] [2021-08-23T15:56:26.353Z] >>> [apiv2][query] GET https://api.github.com/user [none]
[debug] [2021-08-23T15:56:26.696Z] <<< [apiv2][status] GET https://api.github.com/user 200
[debug] [2021-08-23T15:56:26.696Z] <<< [apiv2][body] GET https://api.github.com/user {"login":"lodos14","id":81665608,"node_id":"MDQ6VXNlcjgxNjY1NjA4","avatar_url":"https://avatars.githubusercontent.com/u/81665608?v=4","gravatar_id":"","url":"https://api.github.com/users/lodos14","html_url":"https://github.com/lodos14","followers_url":"https://api.github.com/users/lodos14/followers","following_url":"https://api.github.com/users/lodos14/following{/other_user}","gists_url":"https://api.github.com/users/lodos14/gists{/gist_id}","starred_url":"https://api.github.com/users/lodos14/starred{/owner}{/repo}","subscriptions_url":"https://api.github.com/users/lodos14/subscriptions","organizations_url":"https://api.github.com/users/lodos14/orgs","repos_url":"https://api.github.com/users/lodos14/repos","events_url":"https://api.github.com/users/lodos14/events{/privacy}","received_events_url":"https://api.github.com/users/lodos14/received_events","type":"User","site_admin":false,"name":null,"company":null,"blog":"","location":null,"email":null,"hireable":null,"bio":null,"twitter_username":null,"public_repos":7,"public_gists":0,"followers":0,"following":2,"created_at":"2021-03-31T03:21:06Z","updated_at":"2021-08-23T12:55:20Z","private_gists":0,"total_private_repos":0,"owned_private_repos":0,"disk_usage":18074,"collaborators":0,"two_factor_authentication":false,"plan":{"name":"free","space":976562499,"collaborators":0,"private_repos":10000}}
[info] 
[info] +  Success! Logged into GitHub as lodos14 
[info] 
[debug] [2021-08-23T15:56:51.193Z] >>> [apiv2][query] GET https://api.github.com/repos//actions/secrets/public-key type=owner
[debug] [2021-08-23T15:56:51.423Z] <<< [apiv2][status] GET https://api.github.com/repos//actions/secrets/public-key 404
[debug] [2021-08-23T15:56:51.423Z] <<< [apiv2][body] GET https://api.github.com/repos//actions/secrets/public-key {"message":"Not Found","documentation_url":"https://docs.github.com/rest"}
[debug] [2021-08-23T15:56:55.048Z] >>> [apiv2][query] GET https://api.github.com/repos/user/actions/secrets/public-key type=owner
[debug] [2021-08-23T15:56:55.281Z] <<< [apiv2][status] GET https://api.github.com/repos/user/actions/secrets/public-key 404
[debug] [2021-08-23T15:56:55.281Z] <<< [apiv2][body] GET https://api.github.com/repos/user/actions/secrets/public-key {"message":"Not Found","documentation_url":"https://docs.github.com/rest"}
[debug] [2021-08-23T15:57:23.744Z] >>> [apiv2][query] GET https://api.github.com/repos//actions/secrets/public-key type=owner
[debug] [2021-08-23T15:57:23.980Z] <<< [apiv2][status] GET https://api.github.com/repos//actions/secrets/public-key 404
[debug] [2021-08-23T15:57:23.981Z] <<< [apiv2][body] GET https://api.github.com/repos//actions/secrets/public-key {"message":"Not Found","documentation_url":"https://docs.github.com/rest"}
[debug] [2021-08-23T15:58:39.560Z] >>> [apiv2][query] GET https://api.github.com/repos/repository/actions/secrets/public-key type=owner
[debug] [2021-08-23T15:58:39.797Z] <<< [apiv2][status] GET https://api.github.com/repos/repository/actions/secrets/public-key 404
[debug] [2021-08-23T15:58:39.797Z] <<< [apiv2][body] GET https://api.github.com/repos/repository/actions/secrets/public-key {"message":"Not Found","documentation_url":"https://docs.github.com/rest"}
[debug] [2021-08-23T15:58:48.711Z] >>> [apiv2][query] GET https://api.github.com/repos/repository/actions/secrets/public-key type=owner
[debug] [2021-08-23T15:58:48.975Z] <<< [apiv2][status] GET https://api.github.com/repos/repository/actions/secrets/public-key 404
[debug] [2021-08-23T15:58:48.975Z] <<< [apiv2][body] GET https://api.github.com/repos/repository/actions/secrets/public-key {"message":"Not Found","documentation_url":"https://docs.github.com/rest"}
[debug] [2021-08-23T15:58:59.279Z] >>> [apiv2][query] GET https://api.github.com/repos/format:repository/actions/secrets/public-key type=owner
[debug] [2021-08-23T15:58:59.512Z] <<< [apiv2][status] GET https://api.github.com/repos/format:repository/actions/secrets/public-key 404
[debug] [2021-08-23T15:58:59.513Z] <<< [apiv2][body] GET https://api.github.com/repos/format:repository/actions/secrets/public-key {"message":"Not Found","documentation_url":"https://docs.github.com/rest"}
[debug] [2021-08-23T15:59:34.871Z] >>> [apiv2][query] GET https://api.github.com/repos/lodos14/fire/actions/secrets/public-key type=owner
[debug] [2021-08-23T15:59:35.112Z] <<< [apiv2][status] GET https://api.github.com/repos/lodos14/fire/actions/secrets/public-key 404
[debug] [2021-08-23T15:59:35.113Z] <<< [apiv2][body] GET https://api.github.com/repos/lodos14/fire/actions/secrets/public-key {"message":"Not Found","documentation_url":"https://docs.github.com/rest/reference/actions#get-a-repository-public-key"}
